Started GET "/" for ::1 at 2021-12-12 12:09:35 +0900
  [1m[35m (2.3ms)[0m  [1m[34mSELECT "schema_migrations"."version" FROM "schema_migrations" ORDER BY "schema_migrations"."version" ASC[0m
Processing by Rails::WelcomeController#index as HTML
  Rendering /Users/nomurakouji/.rbenv/versions/3.0.1/lib/ruby/gems/3.0.0/gems/railties-6.0.4.1/lib/rails/templates/rails/welcome/index.html.erb
  Rendered /Users/nomurakouji/.rbenv/versions/3.0.1/lib/ruby/gems/3.0.0/gems/railties-6.0.4.1/lib/rails/templates/rails/welcome/index.html.erb (Duration: 10.1ms | Allocations: 526)
Completed 200 OK in 36ms (Views: 19.8ms | ActiveRecord: 0.0ms | Allocations: 9803)


Started GET "/users" for ::1 at 2021-12-12 12:09:39 +0900
Processing by UsersController#index as HTML
  Rendering users/index.html.erb within layouts/application
  [1m[36mUser Load (1.1ms)[0m  [1m[34mSELECT "users".* FROM "users"[0m
  ↳ app/views/users/index.html.erb:8
  Rendered users/index.html.erb within layouts/application (Duration: 22.1ms | Allocations: 5994)
[Webpacker] Compiling...
[Webpacker] Compiled all packs in /Users/nomurakouji/DIC/exam/image_share_exam/public/packs
[Webpacker] Though the "loose" option was set to "false" in your @babel/preset-env config, it will not be used for @babel/plugin-proposal-private-property-in-object since the "loose" mode option was set to "true" for @babel/plugin-proposal-class-properties.
The "loose" option must be the same for @babel/plugin-proposal-class-properties, @babel/plugin-proposal-private-methods and @babel/plugin-proposal-private-property-in-object (when they are enabled): you can silence this warning by explicitly adding
	["@babel/plugin-proposal-private-property-in-object", { "loose": true }]
to the "plugins" section of your Babel config.
Though the "loose" option was set to "false" in your @babel/preset-env config, it will not be used for @babel/plugin-proposal-private-methods since the "loose" mode option was set to "true" for @babel/plugin-proposal-private-property-in-object.
The "loose" option must be the same for @babel/plugin-proposal-class-properties, @babel/plugin-proposal-private-methods and @babel/plugin-proposal-private-property-in-object (when they are enabled): you can silence this warning by explicitly adding
	["@babel/plugin-proposal-private-methods", { "loose": true }]
to the "plugins" section of your Babel config.
Though the "loose" option was set to "false" in your @babel/preset-env config, it will not be used for @babel/plugin-proposal-private-property-in-object since the "loose" mode option was set to "true" for @babel/plugin-proposal-class-properties.
The "loose" option must be the same for @babel/plugin-proposal-class-properties, @babel/plugin-proposal-private-methods and @babel/plugin-proposal-private-property-in-object (when they are enabled): you can silence this warning by explicitly adding
	["@babel/plugin-proposal-private-property-in-object", { "loose": true }]
to the "plugins" section of your Babel config.
Though the "loose" option was set to "false" in your @babel/preset-env config, it will not be used for @babel/plugin-proposal-private-methods since the "loose" mode option was set to "true" for @babel/plugin-proposal-private-property-in-object.
The "loose" option must be the same for @babel/plugin-proposal-class-properties, @babel/plugin-proposal-private-methods and @babel/plugin-proposal-private-property-in-object (when they are enabled): you can silence this warning by explicitly adding
	["@babel/plugin-proposal-private-methods", { "loose": true }]
to the "plugins" section of your Babel config.
Though the "loose" option was set to "false" in your @babel/preset-env config, it will not be used for @babel/plugin-proposal-private-property-in-object since the "loose" mode option was set to "true" for @babel/plugin-proposal-class-properties.
The "loose" option must be the same for @babel/plugin-proposal-class-properties, @babel/plugin-proposal-private-methods and @babel/plugin-proposal-private-property-in-object (when they are enabled): you can silence this warning by explicitly adding
	["@babel/plugin-proposal-private-property-in-object", { "loose": true }]
to the "plugins" section of your Babel config.
Though the "loose" option was set to "false" in your @babel/preset-env config, it will not be used for @babel/plugin-proposal-private-methods since the "loose" mode option was set to "true" for @babel/plugin-proposal-private-property-in-object.
The "loose" option must be the same for @babel/plugin-proposal-class-properties, @babel/plugin-proposal-private-methods and @babel/plugin-proposal-private-property-in-object (when they are enabled): you can silence this warning by explicitly adding
	["@babel/plugin-proposal-private-methods", { "loose": true }]
to the "plugins" section of your Babel config.
Though the "loose" option was set to "false" in your @babel/preset-env config, it will not be used for @babel/plugin-proposal-private-property-in-object since the "loose" mode option was set to "true" for @babel/plugin-proposal-class-properties.
The "loose" option must be the same for @babel/plugin-proposal-class-properties, @babel/plugin-proposal-private-methods and @babel/plugin-proposal-private-property-in-object (when they are enabled): you can silence this warning by explicitly adding
	["@babel/plugin-proposal-private-property-in-object", { "loose": true }]
to the "plugins" section of your Babel config.
Though the "loose" option was set to "false" in your @babel/preset-env config, it will not be used for @babel/plugin-proposal-private-methods since the "loose" mode option was set to "true" for @babel/plugin-proposal-private-property-in-object.
The "loose" option must be the same for @babel/plugin-proposal-class-properties, @babel/plugin-proposal-private-methods and @babel/plugin-proposal-private-property-in-object (when they are enabled): you can silence this warning by explicitly adding
	["@babel/plugin-proposal-private-methods", { "loose": true }]
to the "plugins" section of your Babel config.
Though the "loose" option was set to "false" in your @babel/preset-env config, it will not be used for @babel/plugin-proposal-private-property-in-object since the "loose" mode option was set to "true" for @babel/plugin-proposal-class-properties.
The "loose" option must be the same for @babel/plugin-proposal-class-properties, @babel/plugin-proposal-private-methods and @babel/plugin-proposal-private-property-in-object (when they are enabled): you can silence this warning by explicitly adding
	["@babel/plugin-proposal-private-property-in-object", { "loose": true }]
to the "plugins" section of your Babel config.
Though the "loose" option was set to "false" in your @babel/preset-env config, it will not be used for @babel/plugin-proposal-private-methods since the "loose" mode option was set to "true" for @babel/plugin-proposal-private-property-in-object.
The "loose" option must be the same for @babel/plugin-proposal-class-properties, @babel/plugin-proposal-private-methods and @babel/plugin-proposal-private-property-in-object (when they are enabled): you can silence this warning by explicitly adding
	["@babel/plugin-proposal-private-methods", { "loose": true }]
to the "plugins" section of your Babel config.
Though the "loose" option was set to "false" in your @babel/preset-env config, it will not be used for @babel/plugin-proposal-private-property-in-object since the "loose" mode option was set to "true" for @babel/plugin-proposal-class-properties.
The "loose" option must be the same for @babel/plugin-proposal-class-properties, @babel/plugin-proposal-private-methods and @babel/plugin-proposal-private-property-in-object (when they are enabled): you can silence this warning by explicitly adding
	["@babel/plugin-proposal-private-property-in-object", { "loose": true }]
to the "plugins" section of your Babel config.
Though the "loose" option was set to "false" in your @babel/preset-env config, it will not be used for @babel/plugin-proposal-private-methods since the "loose" mode option was set to "true" for @babel/plugin-proposal-private-property-in-object.
The "loose" option must be the same for @babel/plugin-proposal-class-properties, @babel/plugin-proposal-private-methods and @babel/plugin-proposal-private-property-in-object (when they are enabled): you can silence this warning by explicitly adding
	["@babel/plugin-proposal-private-methods", { "loose": true }]
to the "plugins" section of your Babel config.

[Webpacker] Hash: 6f28388a41a2494ca985
Version: webpack 4.46.0
Time: 2109ms
Built at: 2021/12/12 12:09:43
                                     Asset       Size       Chunks                         Chunk Names
    js/application-afaf3709eb3e4f76ed8e.js    124 KiB  application  [emitted] [immutable]  application
js/application-afaf3709eb3e4f76ed8e.js.map    139 KiB  application  [emitted] [dev]        application
                             manifest.json  364 bytes               [emitted]              
Entrypoint application = js/application-afaf3709eb3e4f76ed8e.js js/application-afaf3709eb3e4f76ed8e.js.map
[./app/javascript/channels sync recursive _channel\.js$] ./app/javascript/channels sync _channel\.js$ 160 bytes {application} [built]
[./app/javascript/channels/index.js] 211 bytes {application} [built]
[./app/javascript/packs/application.js] 749 bytes {application} [built]
[./node_modules/webpack/buildin/module.js] (webpack)/buildin/module.js 552 bytes {application} [built]
    + 3 hidden modules

  [1m[36mUser Load (0.7ms)[0m  [1m[34mSELECT "users".* FROM "users" WHERE "users"."id" IS NULL LIMIT $1[0m  [["LIMIT", 1]]
  ↳ app/helpers/sessions_helper.rb:3:in `current_user'
Completed 200 OK in 4660ms (Views: 4637.6ms | ActiveRecord: 8.0ms | Allocations: 32984)


Started GET "/pictures" for ::1 at 2021-12-12 12:09:54 +0900
Processing by PicturesController#index as HTML
  Rendering pictures/index.html.erb within layouts/application
  [1m[36mPicture Load (2.4ms)[0m  [1m[34mSELECT "pictures".* FROM "pictures"[0m
  ↳ app/views/pictures/index.html.erb:7
  Rendered pictures/index.html.erb within layouts/application (Duration: 19.1ms | Allocations: 4666)
[Webpacker] Everything's up-to-date. Nothing to do
  [1m[36mUser Load (0.7ms)[0m  [1m[34mSELECT "users".* FROM "users" WHERE "users"."id" IS NULL LIMIT $1[0m  [["LIMIT", 1]]
  ↳ app/helpers/sessions_helper.rb:3:in `current_user'
Completed 200 OK in 38ms (Views: 22.3ms | ActiveRecord: 9.0ms | Allocations: 13353)


Started GET "/sessions/new" for ::1 at 2021-12-12 12:10:20 +0900
Processing by SessionsController#new as HTML
  Rendering sessions/new.html.erb within layouts/application
  Rendered sessions/new.html.erb within layouts/application (Duration: 31.1ms | Allocations: 4864)
[Webpacker] Everything's up-to-date. Nothing to do
  [1m[36mUser Load (0.7ms)[0m  [1m[34mSELECT "users".* FROM "users" WHERE "users"."id" IS NULL LIMIT $1[0m  [["LIMIT", 1]]
  ↳ app/helpers/sessions_helper.rb:3:in `current_user'
Completed 200 OK in 50ms (Views: 45.6ms | ActiveRecord: 0.7ms | Allocations: 12285)


Started POST "/sessions" for ::1 at 2021-12-12 12:10:26 +0900
Processing by SessionsController#create as HTML
  Parameters: {"authenticity_token"=>"GBe4qtuiOzSP1Z49vESyszXSjWKCUmeM7nW8BkUOos2R1L3E7RJk2hqDOPztvI8u+crFk0immmZgkTT4SXr7Xw==", "session"=>{"email"=>"a@a.com", "password"=>"[FILTERED]"}, "commit"=>"Log in"}
  [1m[36mUser Load (0.9ms)[0m  [1m[34mSELECT "users".* FROM "users" WHERE "users"."email" = $1 LIMIT $2[0m  [["email", "a@a.com"], ["LIMIT", 1]]
  ↳ app/controllers/sessions_controller.rb:5:in `create'
Redirected to http://localhost:3000/users/7
Completed 302 Found in 277ms (ActiveRecord: 0.9ms | Allocations: 1969)


Started GET "/users/7" for ::1 at 2021-12-12 12:10:26 +0900
Processing by UsersController#show as HTML
  Parameters: {"id"=>"7"}
  [1m[36mUser Load (0.7ms)[0m  [1m[34mSELECT "users".* FROM "users" WHERE "users"."id" = $1 LIMIT $2[0m  [["id", 7], ["LIMIT", 1]]
  ↳ app/controllers/users_controller.rb:14:in `show'
  Rendering users/show.html.erb within layouts/application
  Rendered users/show.html.erb within layouts/application (Duration: 1.3ms | Allocations: 547)
[Webpacker] Everything's up-to-date. Nothing to do
  [1m[36mUser Load (0.8ms)[0m  [1m[34mSELECT "users".* FROM "users" WHERE "users"."id" = $1 LIMIT $2[0m  [["id", 7], ["LIMIT", 1]]
  ↳ app/helpers/sessions_helper.rb:3:in `current_user'
Completed 200 OK in 18ms (Views: 12.0ms | ActiveRecord: 1.6ms | Allocations: 7752)


Started DELETE "/sessions/7" for ::1 at 2021-12-12 12:10:35 +0900
Processing by SessionsController#destroy as HTML
  Parameters: {"authenticity_token"=>"L1yuYQOvwjEXXRqAiI8zN6JaBNG0Y1zutGljxiO3zk6ByjpxiRgW/l7HskQplEc//3ILQIEwkkOqeadL3zsgpw==", "id"=>"7"}
Redirected to http://localhost:3000/sessions/new
Completed 302 Found in 2ms (ActiveRecord: 0.0ms | Allocations: 770)


Started GET "/sessions/new" for ::1 at 2021-12-12 12:10:35 +0900
Processing by SessionsController#new as HTML
  Rendering sessions/new.html.erb within layouts/application
  Rendered sessions/new.html.erb within layouts/application (Duration: 1.0ms | Allocations: 445)
[Webpacker] Everything's up-to-date. Nothing to do
  [1m[36mUser Load (0.8ms)[0m  [1m[34mSELECT "users".* FROM "users" WHERE "users"."id" IS NULL LIMIT $1[0m  [["LIMIT", 1]]
  ↳ app/helpers/sessions_helper.rb:3:in `current_user'
Completed 200 OK in 17ms (Views: 14.7ms | ActiveRecord: 0.8ms | Allocations: 6631)


Started GET "/" for ::1 at 2021-12-12 12:13:33 +0900
Processing by Rails::WelcomeController#index as HTML
  Rendering /Users/nomurakouji/.rbenv/versions/3.0.1/lib/ruby/gems/3.0.0/gems/railties-6.0.4.1/lib/rails/templates/rails/welcome/index.html.erb
  Rendered /Users/nomurakouji/.rbenv/versions/3.0.1/lib/ruby/gems/3.0.0/gems/railties-6.0.4.1/lib/rails/templates/rails/welcome/index.html.erb (Duration: 7.3ms | Allocations: 212)
Completed 200 OK in 15ms (Views: 8.2ms | ActiveRecord: 0.0ms | Allocations: 2495)


Started GET "/users" for ::1 at 2021-12-12 12:13:36 +0900
Processing by UsersController#index as HTML
  [1m[36mUser Load (0.6ms)[0m  [1m[34mSELECT "users".* FROM "users" WHERE "users"."id" IS NULL LIMIT $1[0m  [["LIMIT", 1]]
  ↳ app/helpers/sessions_helper.rb:3:in `current_user'
Redirected to http://localhost:3000/sessions/new
Filter chain halted as :login_required rendered or redirected
Completed 302 Found in 9ms (ActiveRecord: 1.8ms | Allocations: 4205)


Started GET "/sessions/new" for ::1 at 2021-12-12 12:13:36 +0900
Processing by SessionsController#new as HTML
  Rendering sessions/new.html.erb within layouts/application
  Rendered sessions/new.html.erb within layouts/application (Duration: 0.7ms | Allocations: 533)
[Webpacker] Everything's up-to-date. Nothing to do
  [1m[36mUser Load (0.4ms)[0m  [1m[34mSELECT "users".* FROM "users" WHERE "users"."id" IS NULL LIMIT $1[0m  [["LIMIT", 1]]
  ↳ app/helpers/sessions_helper.rb:3:in `current_user'
Completed 200 OK in 11ms (Views: 9.6ms | ActiveRecord: 0.4ms | Allocations: 7529)


Started GET "/pictures" for ::1 at 2021-12-12 12:13:46 +0900
Processing by PicturesController#index as HTML
  [1m[36mUser Load (0.3ms)[0m  [1m[34mSELECT "users".* FROM "users" WHERE "users"."id" IS NULL LIMIT $1[0m  [["LIMIT", 1]]
  ↳ app/helpers/sessions_helper.rb:3:in `current_user'
Redirected to http://localhost:3000/sessions/new
Filter chain halted as :login_required rendered or redirected
Completed 302 Found in 3ms (ActiveRecord: 0.3ms | Allocations: 1758)


Started GET "/sessions/new" for ::1 at 2021-12-12 12:13:46 +0900
Processing by SessionsController#new as HTML
  Rendering sessions/new.html.erb within layouts/application
  Rendered sessions/new.html.erb within layouts/application (Duration: 0.9ms | Allocations: 469)
[Webpacker] Everything's up-to-date. Nothing to do
  [1m[36mUser Load (0.2ms)[0m  [1m[34mSELECT "users".* FROM "users" WHERE "users"."id" IS NULL LIMIT $1[0m  [["LIMIT", 1]]
  ↳ app/helpers/sessions_helper.rb:3:in `current_user'
Completed 200 OK in 10ms (Views: 8.8ms | ActiveRecord: 0.2ms | Allocations: 6772)


Started GET "/pictures" for ::1 at 2021-12-12 12:13:53 +0900
Processing by PicturesController#index as HTML
  [1m[36mUser Load (0.2ms)[0m  [1m[34mSELECT "users".* FROM "users" WHERE "users"."id" IS NULL LIMIT $1[0m  [["LIMIT", 1]]
  ↳ app/helpers/sessions_helper.rb:3:in `current_user'
Redirected to http://localhost:3000/sessions/new
Filter chain halted as :login_required rendered or redirected
Completed 302 Found in 3ms (ActiveRecord: 0.2ms | Allocations: 1450)


Started GET "/sessions/new" for ::1 at 2021-12-12 12:13:53 +0900
Processing by SessionsController#new as HTML
  Rendering sessions/new.html.erb within layouts/application
  Rendered sessions/new.html.erb within layouts/application (Duration: 0.5ms | Allocations: 409)
[Webpacker] Everything's up-to-date. Nothing to do
  [1m[36mUser Load (0.3ms)[0m  [1m[34mSELECT "users".* FROM "users" WHERE "users"."id" IS NULL LIMIT $1[0m  [["LIMIT", 1]]
  ↳ app/helpers/sessions_helper.rb:3:in `current_user'
Completed 200 OK in 9ms (Views: 8.5ms | ActiveRecord: 0.3ms | Allocations: 6559)


Started GET "/users" for ::1 at 2021-12-12 12:13:59 +0900
Processing by UsersController#index as HTML
  [1m[36mUser Load (0.3ms)[0m  [1m[34mSELECT "users".* FROM "users" WHERE "users"."id" IS NULL LIMIT $1[0m  [["LIMIT", 1]]
  ↳ app/helpers/sessions_helper.rb:3:in `current_user'
Redirected to http://localhost:3000/sessions/new
Filter chain halted as :login_required rendered or redirected
Completed 302 Found in 4ms (ActiveRecord: 0.3ms | Allocations: 1453)


Started GET "/sessions/new" for ::1 at 2021-12-12 12:13:59 +0900
Processing by SessionsController#new as HTML
  Rendering sessions/new.html.erb within layouts/application
  Rendered sessions/new.html.erb within layouts/application (Duration: 0.5ms | Allocations: 409)
[Webpacker] Everything's up-to-date. Nothing to do
  [1m[36mUser Load (0.2ms)[0m  [1m[34mSELECT "users".* FROM "users" WHERE "users"."id" IS NULL LIMIT $1[0m  [["LIMIT", 1]]
  ↳ app/helpers/sessions_helper.rb:3:in `current_user'
Completed 200 OK in 9ms (Views: 8.1ms | ActiveRecord: 0.2ms | Allocations: 6550)


Started POST "/sessions" for ::1 at 2021-12-12 12:14:37 +0900
Processing by SessionsController#create as HTML
  Parameters: {"authenticity_token"=>"6A2I/Su2HdOTkgLGHTHFc1qa1NIO1d9Jgzo9nBkZ6IdGmxztoQHJHNoIqgK8KrF7B7LbQzuGEeSdKvkR5ZUGbg==", "session"=>{"email"=>"a@a.com", "password"=>"[FILTERED]"}, "commit"=>"Log in"}
  [1m[36mUser Load (0.3ms)[0m  [1m[34mSELECT "users".* FROM "users" WHERE "users"."email" = $1 LIMIT $2[0m  [["email", "a@a.com"], ["LIMIT", 1]]
  ↳ app/controllers/sessions_controller.rb:6:in `create'
Redirected to http://localhost:3000/users/7
Completed 302 Found in 270ms (ActiveRecord: 2.5ms | Allocations: 5127)


Started GET "/users/7" for ::1 at 2021-12-12 12:14:38 +0900
Processing by UsersController#show as HTML
  Parameters: {"id"=>"7"}
  [1m[36mUser Load (0.2ms)[0m  [1m[34mSELECT "users".* FROM "users" WHERE "users"."id" = $1 LIMIT $2[0m  [["id", 7], ["LIMIT", 1]]
  ↳ app/helpers/sessions_helper.rb:3:in `current_user'
  [1m[36mUser Load (0.3ms)[0m  [1m[34mSELECT "users".* FROM "users" WHERE "users"."id" = $1 LIMIT $2[0m  [["id", 7], ["LIMIT", 1]]
  ↳ app/controllers/users_controller.rb:15:in `show'
  Rendering users/show.html.erb within layouts/application
  Rendered users/show.html.erb within layouts/application (Duration: 0.8ms | Allocations: 458)
[Webpacker] Everything's up-to-date. Nothing to do
Completed 200 OK in 11ms (Views: 7.1ms | ActiveRecord: 0.5ms | Allocations: 7845)


Started GET "/users/7/edit" for ::1 at 2021-12-12 12:14:43 +0900
Processing by UsersController#edit as HTML
  Parameters: {"id"=>"7"}
  [1m[36mUser Load (0.4ms)[0m  [1m[34mSELECT "users".* FROM "users" WHERE "users"."id" = $1 LIMIT $2[0m  [["id", 7], ["LIMIT", 1]]
  ↳ app/helpers/sessions_helper.rb:3:in `current_user'
  [1m[36mUser Load (0.3ms)[0m  [1m[34mSELECT "users".* FROM "users" WHERE "users"."id" = $1 LIMIT $2[0m  [["id", 7], ["LIMIT", 1]]
  ↳ app/controllers/users_controller.rb:21:in `edit'
  Rendering users/edit.html.erb within layouts/application
  Rendered users/edit.html.erb within layouts/application (Duration: 20.8ms | Allocations: 5714)
[Webpacker] Everything's up-to-date. Nothing to do
Completed 200 OK in 70ms (Views: 64.4ms | ActiveRecord: 0.8ms | Allocations: 12699)


Started GET "/users" for ::1 at 2021-12-12 12:14:45 +0900
Processing by UsersController#index as HTML
  [1m[36mUser Load (0.5ms)[0m  [1m[34mSELECT "users".* FROM "users" WHERE "users"."id" = $1 LIMIT $2[0m  [["id", 7], ["LIMIT", 1]]
  ↳ app/helpers/sessions_helper.rb:3:in `current_user'
  Rendering users/index.html.erb within layouts/application
  [1m[36mUser Load (0.3ms)[0m  [1m[34mSELECT "users".* FROM "users"[0m
  ↳ app/views/users/index.html.erb:8
  Rendered users/index.html.erb within layouts/application (Duration: 2.4ms | Allocations: 991)
[Webpacker] Everything's up-to-date. Nothing to do
Completed 200 OK in 14ms (Views: 10.3ms | ActiveRecord: 0.8ms | Allocations: 7189)


Started GET "/users/7" for ::1 at 2021-12-12 12:14:49 +0900
Processing by UsersController#show as HTML
  Parameters: {"id"=>"7"}
  [1m[36mUser Load (0.4ms)[0m  [1m[34mSELECT "users".* FROM "users" WHERE "users"."id" = $1 LIMIT $2[0m  [["id", 7], ["LIMIT", 1]]
  ↳ app/helpers/sessions_helper.rb:3:in `current_user'
  [1m[36mUser Load (0.3ms)[0m  [1m[34mSELECT "users".* FROM "users" WHERE "users"."id" = $1 LIMIT $2[0m  [["id", 7], ["LIMIT", 1]]
  ↳ app/controllers/users_controller.rb:15:in `show'
  Rendering users/show.html.erb within layouts/application
  Rendered users/show.html.erb within layouts/application (Duration: 0.8ms | Allocations: 311)
[Webpacker] Everything's up-to-date. Nothing to do
Completed 200 OK in 16ms (Views: 10.7ms | ActiveRecord: 0.7ms | Allocations: 6930)


Started GET "/users/7/edit" for ::1 at 2021-12-12 12:14:54 +0900
Processing by UsersController#edit as HTML
  Parameters: {"id"=>"7"}
  [1m[36mUser Load (0.3ms)[0m  [1m[34mSELECT "users".* FROM "users" WHERE "users"."id" = $1 LIMIT $2[0m  [["id", 7], ["LIMIT", 1]]
  ↳ app/helpers/sessions_helper.rb:3:in `current_user'
  [1m[36mUser Load (0.6ms)[0m  [1m[34mSELECT "users".* FROM "users" WHERE "users"."id" = $1 LIMIT $2[0m  [["id", 7], ["LIMIT", 1]]
  ↳ app/controllers/users_controller.rb:21:in `edit'
  Rendering users/edit.html.erb within layouts/application
  Rendered users/edit.html.erb within layouts/application (Duration: 3.3ms | Allocations: 1108)
[Webpacker] Everything's up-to-date. Nothing to do
Completed 200 OK in 21ms (Views: 13.5ms | ActiveRecord: 0.9ms | Allocations: 7699)


Started GET "/users" for ::1 at 2021-12-12 12:14:56 +0900
Processing by UsersController#index as HTML
  [1m[36mUser Load (0.3ms)[0m  [1m[34mSELECT "users".* FROM "users" WHERE "users"."id" = $1 LIMIT $2[0m  [["id", 7], ["LIMIT", 1]]
  ↳ app/helpers/sessions_helper.rb:3:in `current_user'
  Rendering users/index.html.erb within layouts/application
  [1m[36mUser Load (0.3ms)[0m  [1m[34mSELECT "users".* FROM "users"[0m
  ↳ app/views/users/index.html.erb:8
  Rendered users/index.html.erb within layouts/application (Duration: 1.5ms | Allocations: 932)
[Webpacker] Everything's up-to-date. Nothing to do
Completed 200 OK in 11ms (Views: 8.4ms | ActiveRecord: 0.5ms | Allocations: 6958)


Started GET "/users/7" for ::1 at 2021-12-12 12:15:03 +0900
Processing by UsersController#show as HTML
  Parameters: {"id"=>"7"}
  [1m[36mUser Load (0.5ms)[0m  [1m[34mSELECT "users".* FROM "users" WHERE "users"."id" = $1 LIMIT $2[0m  [["id", 7], ["LIMIT", 1]]
  ↳ app/helpers/sessions_helper.rb:3:in `current_user'
  [1m[36mUser Load (0.4ms)[0m  [1m[34mSELECT "users".* FROM "users" WHERE "users"."id" = $1 LIMIT $2[0m  [["id", 7], ["LIMIT", 1]]
  ↳ app/controllers/users_controller.rb:15:in `show'
  Rendering users/show.html.erb within layouts/application
  Rendered users/show.html.erb within layouts/application (Duration: 0.9ms | Allocations: 306)
[Webpacker] Everything's up-to-date. Nothing to do
Completed 200 OK in 18ms (Views: 11.0ms | ActiveRecord: 0.9ms | Allocations: 6906)


